E:\NEW FOLDER\WINAPI DLL INJECTOR1\WINAPI DLL INJECTOR1\RELEASE\VKEY.OBJ
E:\NEW FOLDER\WINAPI DLL INJECTOR1\WINAPI DLL INJECTOR1\RELEASE\COMMON.OBJ
E:\NEW FOLDER\WINAPI DLL INJECTOR1\WINAPI DLL INJECTOR1\RELEASE\MAIN.OBJ
E:\NEW FOLDER\WINAPI DLL INJECTOR1\WINAPI DLL INJECTOR1\RELEASE\VC110.PDB
E:\NEW FOLDER\WINAPI DLL INJECTOR1\RELEASE\WINAPI DLL INJECTOR1.EXE
E:\New folder\WinAPI DLL Injector1\WinAPI DLL Injector1\Release\Common.obj
E:\New folder\WinAPI DLL Injector1\WinAPI DLL Injector1\Release\Main.obj
E:\New folder\WinAPI DLL Injector1\WinAPI DLL Injector1\Release\vkey.obj
E:\New folder\WinAPI DLL Injector1\WinAPI DLL Injector1\Release\cl.command.1.tlog
E:\New folder\WinAPI DLL Injector1\WinAPI DLL Injector1\Release\CL.read.1.tlog
E:\New folder\WinAPI DLL Injector1\WinAPI DLL Injector1\Release\CL.write.1.tlog
E:\New folder\WinAPI DLL Injector1\WinAPI DLL Injector1\Release\link-cvtres.read.1.tlog
E:\New folder\WinAPI DLL Injector1\WinAPI DLL Injector1\Release\link-cvtres.write.1.tlog
E:\New folder\WinAPI DLL Injector1\WinAPI DLL Injector1\Release\link-rc.read.1.tlog
E:\New folder\WinAPI DLL Injector1\WinAPI DLL Injector1\Release\link-rc.write.1.tlog
E:\New folder\WinAPI DLL Injector1\WinAPI DLL Injector1\Release\link.command.1.tlog
E:\New folder\WinAPI DLL Injector1\WinAPI DLL Injector1\Release\link.read.1.tlog
E:\New folder\WinAPI DLL Injector1\WinAPI DLL Injector1\Release\link.write.1.tlog
E:\New folder\WinAPI DLL Injector1\WinAPI DLL Injector1\Release\vc110.pdb
E:\New folder\WinAPI DLL Injector1\Release\WinAPI DLL Injector1.exe
